23-03-06 17:53:57.093 :   task: swinir_sr_classical_patch48_x2
  model: plain
  gpu_ids: [0, 1, 2, 3, 4, 5, 6, 7]
  dist: False
  scale: 1
  n_channels: 3
  path:[
    root: superresolution
    pretrained_netG: None
    pretrained_netE: None
    task: superresolution/swinir_sr_classical_patch48_x2
    log: superresolution/swinir_sr_classical_patch48_x2
    options: superresolution/swinir_sr_classical_patch48_x2/options
    models: superresolution/swinir_sr_classical_patch48_x2/models
    images: superresolution/swinir_sr_classical_patch48_x2/images
    pretrained_optimizerG: None
  ]
  datasets:[
    train:[
      name: train_dataset
      dataset_type: sr
      dataroot_H: /lustre06/project/6003167/shared_itmo_demo_dataset/hdr
      dataroot_L: /lustre06/project/6003167/shared_itmo_demo_dataset/sdr
      dataroot_H2: None
      dataroot_L2: None
      H_size: 256
      dataloader_shuffle: True
      dataloader_num_workers: 16
      dataloader_batch_size: 32
      phase: train
      scale: 1
      n_channels: 3
    ]
    test:[
      name: test_dataset
      dataset_type: sr
      dataroot_H: /lustre06/project/6003167/SharedProject4Kto8K_SDRfixedReinhard/4K_Stelios
      dataroot_L: /lustre06/project/6003167/Share_4K8K/4K_PQ_EXR
      dataroot_H2: /lustre06/project/6003167/shared_itmo_fixed/Garden/HDR
      dataroot_L2: /lustre06/project/6003167/shared_itmo_fixed/Garden/SDR
      phase: test
      scale: 1
      n_channels: 3
    ]
  ]
  netG:[
    net_type: swinir
    upscale: 1
    in_chans: 3
    img_size: 48
    window_size: 8
    img_range: 1.0
    depths: [6, 6, 6, 6, 6, 6]
    embed_dim: 180
    num_heads: [6, 6, 6, 6, 6, 6]
    mlp_ratio: 2
    upsampler: null
    resi_connection: 1conv
    init_type: default
    scale: 1
  ]
  train:[
    G_lossfn_type: l1
    G_lossfn_weight: 1.0
    E_decay: 0.999
    G_optimizer_type: adam
    G_optimizer_lr: 0.0002
    G_optimizer_wd: 0
    G_optimizer_clipgrad: None
    G_optimizer_reuse: True
    G_scheduler_type: MultiStepLR
    G_scheduler_milestones: [250000, 400000, 450000, 475000, 500000]
    G_scheduler_gamma: 0.5
    G_regularizer_orthstep: None
    G_regularizer_clipstep: None
    G_param_strict: True
    E_param_strict: True
    checkpoint_test: 5000
    checkpoint_save: 5000
    checkpoint_print: 200
    F_feature_layer: 34
    F_weights: 1.0
    F_lossfn_type: l1
    F_use_input_norm: True
    F_use_range_norm: False
    G_optimizer_betas: [0.9, 0.999]
    G_scheduler_restart_weights: 1
  ]
  opt_path: options/swinir/train_swinir_hdr_v2.json
  is_train: True
  merge_bn: False
  merge_bn_startpoint: -1
  find_unused_parameters: True
  use_static_graph: False
  num_gpu: 8
  rank: 0
  world_size: 1

23-03-06 17:57:27.755 :   task: swinir_sr_classical_patch48_x2
  model: plain
  gpu_ids: [0, 1, 2, 3, 4, 5, 6, 7]
  dist: False
  scale: 1
  n_channels: 3
  path:[
    root: superresolution
    pretrained_netG: None
    pretrained_netE: None
    task: superresolution/swinir_sr_classical_patch48_x2
    log: superresolution/swinir_sr_classical_patch48_x2
    options: superresolution/swinir_sr_classical_patch48_x2/options
    models: superresolution/swinir_sr_classical_patch48_x2/models
    images: superresolution/swinir_sr_classical_patch48_x2/images
    pretrained_optimizerG: None
  ]
  datasets:[
    train:[
      name: train_dataset
      dataset_type: sr
      dataroot_H: /lustre06/project/6003167/shared_itmo_demo_dataset/HDR
      dataroot_L: /lustre06/project/6003167/shared_itmo_demo_dataset/SDR
      dataroot_H2: None
      dataroot_L2: None
      H_size: 256
      dataloader_shuffle: True
      dataloader_num_workers: 16
      dataloader_batch_size: 32
      phase: train
      scale: 1
      n_channels: 3
    ]
    test:[
      name: test_dataset
      dataset_type: sr
      dataroot_H: /lustre06/project/6003167/SharedProject4Kto8K_SDRfixedReinhard/4K_Stelios
      dataroot_L: /lustre06/project/6003167/Share_4K8K/4K_PQ_EXR
      dataroot_H2: /lustre06/project/6003167/shared_itmo_fixed/Garden/HDR
      dataroot_L2: /lustre06/project/6003167/shared_itmo_fixed/Garden/SDR
      phase: test
      scale: 1
      n_channels: 3
    ]
  ]
  netG:[
    net_type: swinir
    upscale: 1
    in_chans: 3
    img_size: 48
    window_size: 8
    img_range: 1.0
    depths: [6, 6, 6, 6, 6, 6]
    embed_dim: 180
    num_heads: [6, 6, 6, 6, 6, 6]
    mlp_ratio: 2
    upsampler: null
    resi_connection: 1conv
    init_type: default
    scale: 1
  ]
  train:[
    G_lossfn_type: l1
    G_lossfn_weight: 1.0
    E_decay: 0.999
    G_optimizer_type: adam
    G_optimizer_lr: 0.0002
    G_optimizer_wd: 0
    G_optimizer_clipgrad: None
    G_optimizer_reuse: True
    G_scheduler_type: MultiStepLR
    G_scheduler_milestones: [250000, 400000, 450000, 475000, 500000]
    G_scheduler_gamma: 0.5
    G_regularizer_orthstep: None
    G_regularizer_clipstep: None
    G_param_strict: True
    E_param_strict: True
    checkpoint_test: 5000
    checkpoint_save: 5000
    checkpoint_print: 200
    F_feature_layer: 34
    F_weights: 1.0
    F_lossfn_type: l1
    F_use_input_norm: True
    F_use_range_norm: False
    G_optimizer_betas: [0.9, 0.999]
    G_scheduler_restart_weights: 1
  ]
  opt_path: options/swinir/train_swinir_hdr_v2.json
  is_train: True
  merge_bn: False
  merge_bn_startpoint: -1
  find_unused_parameters: True
  use_static_graph: False
  num_gpu: 8
  rank: 0
  world_size: 1

23-03-06 18:05:27.913 :   task: swinir_sr_classical_patch48_x2
  model: plain
  gpu_ids: [0, 1, 2, 3, 4, 5, 6, 7]
  dist: False
  scale: 1
  n_channels: 3
  path:[
    root: superresolution
    pretrained_netG: None
    pretrained_netE: None
    task: superresolution/swinir_sr_classical_patch48_x2
    log: superresolution/swinir_sr_classical_patch48_x2
    options: superresolution/swinir_sr_classical_patch48_x2/options
    models: superresolution/swinir_sr_classical_patch48_x2/models
    images: superresolution/swinir_sr_classical_patch48_x2/images
    pretrained_optimizerG: None
  ]
  datasets:[
    train:[
      name: train_dataset
      dataset_type: sr
      dataroot_H: /lustre06/project/6003167/shared_itmo_demo_dataset/HDR
      dataroot_L: /lustre06/project/6003167/shared_itmo_demo_dataset/SDR
      dataroot_H2: None
      dataroot_L2: None
      H_size: 256
      dataloader_shuffle: True
      dataloader_num_workers: 16
      dataloader_batch_size: 32
      phase: train
      scale: 1
      n_channels: 3
    ]
    test:[
      name: test_dataset
      dataset_type: sr
      dataroot_H: /lustre06/project/6003167/SharedProject4Kto8K_SDRfixedReinhard/4K_Stelios
      dataroot_L: /lustre06/project/6003167/Share_4K8K/4K_PQ_EXR
      dataroot_H2: /lustre06/project/6003167/shared_itmo_fixed/Garden/HDR
      dataroot_L2: /lustre06/project/6003167/shared_itmo_fixed/Garden/SDR
      phase: test
      scale: 1
      n_channels: 3
    ]
  ]
  netG:[
    net_type: swinir
    upscale: 1
    in_chans: 3
    img_size: 48
    window_size: 8
    img_range: 1.0
    depths: [6, 6, 6, 6, 6, 6]
    embed_dim: 180
    num_heads: [6, 6, 6, 6, 6, 6]
    mlp_ratio: 2
    upsampler: null
    resi_connection: 1conv
    init_type: default
    scale: 1
  ]
  train:[
    G_lossfn_type: l1
    G_lossfn_weight: 1.0
    E_decay: 0.999
    G_optimizer_type: adam
    G_optimizer_lr: 0.0002
    G_optimizer_wd: 0
    G_optimizer_clipgrad: None
    G_optimizer_reuse: True
    G_scheduler_type: MultiStepLR
    G_scheduler_milestones: [250000, 400000, 450000, 475000, 500000]
    G_scheduler_gamma: 0.5
    G_regularizer_orthstep: None
    G_regularizer_clipstep: None
    G_param_strict: True
    E_param_strict: True
    checkpoint_test: 5000
    checkpoint_save: 5000
    checkpoint_print: 200
    F_feature_layer: 34
    F_weights: 1.0
    F_lossfn_type: l1
    F_use_input_norm: True
    F_use_range_norm: False
    G_optimizer_betas: [0.9, 0.999]
    G_scheduler_restart_weights: 1
  ]
  opt_path: options/swinir/train_swinir_hdr_v2.json
  is_train: True
  merge_bn: False
  merge_bn_startpoint: -1
  find_unused_parameters: True
  use_static_graph: False
  num_gpu: 8
  rank: 0
  world_size: 1

23-03-06 18:05:27.931 : Number of train images: 140, iters: 5
23-03-06 18:20:43.768 :   task: swinir_sr_classical_patch48_x2
  model: plain
  gpu_ids: [0, 1, 2, 3, 4, 5, 6, 7]
  dist: False
  scale: 1
  n_channels: 3
  path:[
    root: superresolution
    pretrained_netG: None
    pretrained_netE: None
    task: superresolution/swinir_sr_classical_patch48_x2
    log: superresolution/swinir_sr_classical_patch48_x2
    options: superresolution/swinir_sr_classical_patch48_x2/options
    models: superresolution/swinir_sr_classical_patch48_x2/models
    images: superresolution/swinir_sr_classical_patch48_x2/images
    pretrained_optimizerG: None
  ]
  datasets:[
    train:[
      name: train_dataset
      dataset_type: sr
      dataroot_H: /projects/def-panos/shared_itmo_demo_dataset/HDR
      dataroot_L: /projects/def-panos/shared_itmo_demo_dataset/SDR
      dataroot_H2: None
      dataroot_L2: None
      H_size: 256
      dataloader_shuffle: True
      dataloader_num_workers: 16
      dataloader_batch_size: 32
      phase: train
      scale: 1
      n_channels: 3
    ]
    test:[
      name: test_dataset
      dataset_type: sr
      dataroot_H: /lustre06/project/6003167/SharedProject4Kto8K_SDRfixedReinhard/4K_Stelios
      dataroot_L: /lustre06/project/6003167/Share_4K8K/4K_PQ_EXR
      dataroot_H2: /lustre06/project/6003167/shared_itmo_fixed/Garden/HDR
      dataroot_L2: /lustre06/project/6003167/shared_itmo_fixed/Garden/SDR
      phase: test
      scale: 1
      n_channels: 3
    ]
  ]
  netG:[
    net_type: swinir
    upscale: 1
    in_chans: 3
    img_size: 48
    window_size: 8
    img_range: 1.0
    depths: [6, 6, 6, 6, 6, 6]
    embed_dim: 180
    num_heads: [6, 6, 6, 6, 6, 6]
    mlp_ratio: 2
    upsampler: null
    resi_connection: 1conv
    init_type: default
    scale: 1
  ]
  train:[
    G_lossfn_type: l1
    G_lossfn_weight: 1.0
    E_decay: 0.999
    G_optimizer_type: adam
    G_optimizer_lr: 0.0002
    G_optimizer_wd: 0
    G_optimizer_clipgrad: None
    G_optimizer_reuse: True
    G_scheduler_type: MultiStepLR
    G_scheduler_milestones: [250000, 400000, 450000, 475000, 500000]
    G_scheduler_gamma: 0.5
    G_regularizer_orthstep: None
    G_regularizer_clipstep: None
    G_param_strict: True
    E_param_strict: True
    checkpoint_test: 5000
    checkpoint_save: 5000
    checkpoint_print: 200
    F_feature_layer: 34
    F_weights: 1.0
    F_lossfn_type: l1
    F_use_input_norm: True
    F_use_range_norm: False
    G_optimizer_betas: [0.9, 0.999]
    G_scheduler_restart_weights: 1
  ]
  opt_path: options/swinir/train_swinir_hdr_v2.json
  is_train: True
  merge_bn: False
  merge_bn_startpoint: -1
  find_unused_parameters: True
  use_static_graph: False
  num_gpu: 8
  rank: 0
  world_size: 1

23-03-06 18:21:44.752 :   task: swinir_sr_classical_patch48_x2
  model: plain
  gpu_ids: [0, 1, 2, 3, 4, 5, 6, 7]
  dist: False
  scale: 1
  n_channels: 3
  path:[
    root: superresolution
    pretrained_netG: None
    pretrained_netE: None
    task: superresolution/swinir_sr_classical_patch48_x2
    log: superresolution/swinir_sr_classical_patch48_x2
    options: superresolution/swinir_sr_classical_patch48_x2/options
    models: superresolution/swinir_sr_classical_patch48_x2/models
    images: superresolution/swinir_sr_classical_patch48_x2/images
    pretrained_optimizerG: None
  ]
  datasets:[
    train:[
      name: train_dataset
      dataset_type: sr
      dataroot_H: /lustre06/project/6003167/shared_itmo_demo_dataset/HDR
      dataroot_L: /lustre06/project/6003167/shared_itmo_demo_dataset/SDR
      dataroot_H2: None
      dataroot_L2: None
      H_size: 256
      dataloader_shuffle: True
      dataloader_num_workers: 16
      dataloader_batch_size: 32
      phase: train
      scale: 1
      n_channels: 3
    ]
    test:[
      name: test_dataset
      dataset_type: sr
      dataroot_H: /lustre06/project/6003167/SharedProject4Kto8K_SDRfixedReinhard/4K_Stelios
      dataroot_L: /lustre06/project/6003167/Share_4K8K/4K_PQ_EXR
      dataroot_H2: /lustre06/project/6003167/shared_itmo_fixed/Garden/HDR
      dataroot_L2: /lustre06/project/6003167/shared_itmo_fixed/Garden/SDR
      phase: test
      scale: 1
      n_channels: 3
    ]
  ]
  netG:[
    net_type: swinir
    upscale: 1
    in_chans: 3
    img_size: 48
    window_size: 8
    img_range: 1.0
    depths: [6, 6, 6, 6, 6, 6]
    embed_dim: 180
    num_heads: [6, 6, 6, 6, 6, 6]
    mlp_ratio: 2
    upsampler: null
    resi_connection: 1conv
    init_type: default
    scale: 1
  ]
  train:[
    G_lossfn_type: l1
    G_lossfn_weight: 1.0
    E_decay: 0.999
    G_optimizer_type: adam
    G_optimizer_lr: 0.0002
    G_optimizer_wd: 0
    G_optimizer_clipgrad: None
    G_optimizer_reuse: True
    G_scheduler_type: MultiStepLR
    G_scheduler_milestones: [250000, 400000, 450000, 475000, 500000]
    G_scheduler_gamma: 0.5
    G_regularizer_orthstep: None
    G_regularizer_clipstep: None
    G_param_strict: True
    E_param_strict: True
    checkpoint_test: 5000
    checkpoint_save: 5000
    checkpoint_print: 200
    F_feature_layer: 34
    F_weights: 1.0
    F_lossfn_type: l1
    F_use_input_norm: True
    F_use_range_norm: False
    G_optimizer_betas: [0.9, 0.999]
    G_scheduler_restart_weights: 1
  ]
  opt_path: options/swinir/train_swinir_hdr_v2.json
  is_train: True
  merge_bn: False
  merge_bn_startpoint: -1
  find_unused_parameters: True
  use_static_graph: False
  num_gpu: 8
  rank: 0
  world_size: 1

23-03-06 18:21:44.768 : Number of train images: 140, iters: 5
23-03-06 18:28:44.069 :   task: swinir_sr_classical_patch48_x2
  model: plain
  gpu_ids: [0, 1, 2, 3, 4, 5, 6, 7]
  dist: False
  scale: 1
  n_channels: 3
  path:[
    root: superresolution
    pretrained_netG: None
    pretrained_netE: None
    task: superresolution/swinir_sr_classical_patch48_x2
    log: superresolution/swinir_sr_classical_patch48_x2
    options: superresolution/swinir_sr_classical_patch48_x2/options
    models: superresolution/swinir_sr_classical_patch48_x2/models
    images: superresolution/swinir_sr_classical_patch48_x2/images
    pretrained_optimizerG: None
  ]
  datasets:[
    train:[
      name: train_dataset
      dataset_type: sr
      dataroot_H: /lustre06/project/6003167/shared_itmo_demo_dataset/HDR
      dataroot_L: /lustre06/project/6003167/shared_itmo_demo_dataset/SDR
      dataroot_H2: None
      dataroot_L2: None
      H_size: 256
      dataloader_shuffle: True
      dataloader_num_workers: 16
      dataloader_batch_size: 32
      phase: train
      scale: 1
      n_channels: 3
    ]
    test:[
      name: test_dataset
      dataset_type: sr
      dataroot_H: /lustre06/project/6003167/SharedProject4Kto8K_SDRfixedReinhard/4K_Stelios
      dataroot_L: /lustre06/project/6003167/Share_4K8K/4K_PQ_EXR
      dataroot_H2: /lustre06/project/6003167/shared_itmo_fixed/Garden/HDR
      dataroot_L2: /lustre06/project/6003167/shared_itmo_fixed/Garden/SDR
      phase: test
      scale: 1
      n_channels: 3
    ]
  ]
  netG:[
    net_type: swinir
    upscale: 1
    in_chans: 3
    img_size: 48
    window_size: 8
    img_range: 1.0
    depths: [6, 6, 6, 6, 6, 6]
    embed_dim: 180
    num_heads: [6, 6, 6, 6, 6, 6]
    mlp_ratio: 2
    upsampler: null
    resi_connection: 1conv
    init_type: default
    scale: 1
  ]
  train:[
    G_lossfn_type: l1
    G_lossfn_weight: 1.0
    E_decay: 0.999
    G_optimizer_type: adam
    G_optimizer_lr: 0.0002
    G_optimizer_wd: 0
    G_optimizer_clipgrad: None
    G_optimizer_reuse: True
    G_scheduler_type: MultiStepLR
    G_scheduler_milestones: [250000, 400000, 450000, 475000, 500000]
    G_scheduler_gamma: 0.5
    G_regularizer_orthstep: None
    G_regularizer_clipstep: None
    G_param_strict: True
    E_param_strict: True
    checkpoint_test: 5000
    checkpoint_save: 5000
    checkpoint_print: 200
    F_feature_layer: 34
    F_weights: 1.0
    F_lossfn_type: l1
    F_use_input_norm: True
    F_use_range_norm: False
    G_optimizer_betas: [0.9, 0.999]
    G_scheduler_restart_weights: 1
  ]
  opt_path: options/swinir/train_swinir_hdr_v2.json
  is_train: True
  merge_bn: False
  merge_bn_startpoint: -1
  find_unused_parameters: True
  use_static_graph: False
  num_gpu: 8
  rank: 0
  world_size: 1

23-03-06 18:28:44.086 : Number of train images: 140, iters: 5
23-03-06 18:32:41.033 :   task: swinir_sr_classical_patch48_x2
  model: plain
  gpu_ids: [0, 1, 2, 3, 4, 5, 6, 7]
  dist: False
  scale: 1
  n_channels: 3
  path:[
    root: superresolution
    pretrained_netG: None
    pretrained_netE: None
    task: superresolution/swinir_sr_classical_patch48_x2
    log: superresolution/swinir_sr_classical_patch48_x2
    options: superresolution/swinir_sr_classical_patch48_x2/options
    models: superresolution/swinir_sr_classical_patch48_x2/models
    images: superresolution/swinir_sr_classical_patch48_x2/images
    pretrained_optimizerG: None
  ]
  datasets:[
    train:[
      name: train_dataset
      dataset_type: sr
      dataroot_H: /lustre06/project/6003167/shared_itmo_demo_dataset/HDR
      dataroot_L: /lustre06/project/6003167/shared_itmo_demo_dataset/SDR
      dataroot_H2: None
      dataroot_L2: None
      H_size: 256
      dataloader_shuffle: True
      dataloader_num_workers: 16
      dataloader_batch_size: 32
      phase: train
      scale: 1
      n_channels: 3
    ]
    test:[
      name: test_dataset
      dataset_type: sr
      dataroot_H: /lustre06/project/6003167/shared_itmo_demo_dataset/HDR
      dataroot_L: /lustre06/project/6003167/shared_itmo_demo_dataset/SDR
      dataroot_H2: None
      dataroot_L2: None
      phase: test
      scale: 1
      n_channels: 3
    ]
  ]
  netG:[
    net_type: swinir
    upscale: 1
    in_chans: 3
    img_size: 48
    window_size: 8
    img_range: 1.0
    depths: [6, 6, 6, 6, 6, 6]
    embed_dim: 180
    num_heads: [6, 6, 6, 6, 6, 6]
    mlp_ratio: 2
    upsampler: null
    resi_connection: 1conv
    init_type: default
    scale: 1
  ]
  train:[
    G_lossfn_type: l1
    G_lossfn_weight: 1.0
    E_decay: 0.999
    G_optimizer_type: adam
    G_optimizer_lr: 0.0002
    G_optimizer_wd: 0
    G_optimizer_clipgrad: None
    G_optimizer_reuse: True
    G_scheduler_type: MultiStepLR
    G_scheduler_milestones: [250000, 400000, 450000, 475000, 500000]
    G_scheduler_gamma: 0.5
    G_regularizer_orthstep: None
    G_regularizer_clipstep: None
    G_param_strict: True
    E_param_strict: True
    checkpoint_test: 5000
    checkpoint_save: 5000
    checkpoint_print: 200
    F_feature_layer: 34
    F_weights: 1.0
    F_lossfn_type: l1
    F_use_input_norm: True
    F_use_range_norm: False
    G_optimizer_betas: [0.9, 0.999]
    G_scheduler_restart_weights: 1
  ]
  opt_path: options/swinir/train_swinir_hdr_v2.json
  is_train: True
  merge_bn: False
  merge_bn_startpoint: -1
  find_unused_parameters: True
  use_static_graph: False
  num_gpu: 8
  rank: 0
  world_size: 1

23-03-06 18:32:41.041 : Number of train images: 140, iters: 5
23-03-06 21:00:30.071 :   task: swinir_sr_classical_patch48_x2
  model: plain
  gpu_ids: [0, 1, 2, 3, 4, 5, 6, 7]
  dist: False
  scale: 1
  n_channels: 3
  path:[
    root: superresolution
    pretrained_netG: None
    pretrained_netE: None
    task: superresolution/swinir_sr_classical_patch48_x2
    log: superresolution/swinir_sr_classical_patch48_x2
    options: superresolution/swinir_sr_classical_patch48_x2/options
    models: superresolution/swinir_sr_classical_patch48_x2/models
    images: superresolution/swinir_sr_classical_patch48_x2/images
    pretrained_optimizerG: None
  ]
  datasets:[
    train:[
      name: train_dataset
      dataset_type: sr
      dataroot_H: /lustre06/project/6003167/shared_itmo_demo_dataset/HDR
      dataroot_L: /lustre06/project/6003167/shared_itmo_demo_dataset/SDR
      dataroot_H2: None
      dataroot_L2: None
      H_size: 256
      dataloader_shuffle: True
      dataloader_num_workers: 16
      dataloader_batch_size: 32
      phase: train
      scale: 1
      n_channels: 3
    ]
    test:[
      name: test_dataset
      dataset_type: sr
      dataroot_H: /lustre06/project/6003167/shared_itmo_demo_dataset/HDR
      dataroot_L: /lustre06/project/6003167/shared_itmo_demo_dataset/SDR
      dataroot_H2: None
      dataroot_L2: None
      phase: test
      scale: 1
      n_channels: 3
    ]
  ]
  netG:[
    net_type: swinir
    upscale: 1
    in_chans: 3
    img_size: 48
    window_size: 8
    img_range: 1.0
    depths: [6, 6, 6, 6, 6, 6]
    embed_dim: 180
    num_heads: [6, 6, 6, 6, 6, 6]
    mlp_ratio: 2
    upsampler: null
    resi_connection: 1conv
    init_type: default
    scale: 1
  ]
  train:[
    G_lossfn_type: l1
    G_lossfn_weight: 1.0
    E_decay: 0.999
    G_optimizer_type: adam
    G_optimizer_lr: 0.0002
    G_optimizer_wd: 0
    G_optimizer_clipgrad: None
    G_optimizer_reuse: True
    G_scheduler_type: MultiStepLR
    G_scheduler_milestones: [250000, 400000, 450000, 475000, 500000]
    G_scheduler_gamma: 0.5
    G_regularizer_orthstep: None
    G_regularizer_clipstep: None
    G_param_strict: True
    E_param_strict: True
    checkpoint_test: 5000
    checkpoint_save: 5000
    checkpoint_print: 200
    F_feature_layer: 34
    F_weights: 1.0
    F_lossfn_type: l1
    F_use_input_norm: True
    F_use_range_norm: False
    G_optimizer_betas: [0.9, 0.999]
    G_scheduler_restart_weights: 1
  ]
  opt_path: options/swinir/train_swinir_hdr_v2.json
  is_train: True
  merge_bn: False
  merge_bn_startpoint: -1
  find_unused_parameters: True
  use_static_graph: False
  num_gpu: 8
  rank: 0
  world_size: 1

23-03-06 21:36:02.213 :   task: swinir_sr_classical_patch48_x2
  model: plain
  gpu_ids: [0, 1, 2, 3, 4, 5, 6, 7]
  dist: False
  scale: 1
  n_channels: 3
  path:[
    root: superresolution
    pretrained_netG: None
    pretrained_netE: None
    task: superresolution/swinir_sr_classical_patch48_x2
    log: superresolution/swinir_sr_classical_patch48_x2
    options: superresolution/swinir_sr_classical_patch48_x2/options
    models: superresolution/swinir_sr_classical_patch48_x2/models
    images: superresolution/swinir_sr_classical_patch48_x2/images
    pretrained_optimizerG: None
  ]
  datasets:[
    train:[
      name: train_dataset
      dataset_type: sr
      dataroot_H: /lustre06/project/6003167/shared_itmo_demo_dataset/HDR
      dataroot_L: /lustre06/project/6003167/shared_itmo_demo_dataset/SDR
      dataroot_H2: None
      dataroot_L2: None
      H_size: 256
      dataloader_shuffle: True
      dataloader_num_workers: 16
      dataloader_batch_size: 32
      phase: train
      scale: 1
      n_channels: 3
    ]
    test:[
      name: test_dataset
      dataset_type: sr
      dataroot_H: /lustre06/project/6003167/shared_itmo_demo_dataset/HDR
      dataroot_L: /lustre06/project/6003167/shared_itmo_demo_dataset/SDR
      dataroot_H2: None
      dataroot_L2: None
      phase: test
      scale: 1
      n_channels: 3
    ]
  ]
  netG:[
    net_type: swinir
    upscale: 1
    in_chans: 3
    img_size: 48
    window_size: 8
    img_range: 1.0
    depths: [6, 6, 6, 6, 6, 6]
    embed_dim: 180
    num_heads: [6, 6, 6, 6, 6, 6]
    mlp_ratio: 2
    upsampler: null
    resi_connection: 1conv
    init_type: default
    scale: 1
  ]
  train:[
    G_lossfn_type: l1
    G_lossfn_weight: 1.0
    E_decay: 0.999
    G_optimizer_type: adam
    G_optimizer_lr: 0.0002
    G_optimizer_wd: 0
    G_optimizer_clipgrad: None
    G_optimizer_reuse: True
    G_scheduler_type: MultiStepLR
    G_scheduler_milestones: [250000, 400000, 450000, 475000, 500000]
    G_scheduler_gamma: 0.5
    G_regularizer_orthstep: None
    G_regularizer_clipstep: None
    G_param_strict: True
    E_param_strict: True
    checkpoint_test: 5000
    checkpoint_save: 5000
    checkpoint_print: 200
    F_feature_layer: 34
    F_weights: 1.0
    F_lossfn_type: l1
    F_use_input_norm: True
    F_use_range_norm: False
    G_optimizer_betas: [0.9, 0.999]
    G_scheduler_restart_weights: 1
  ]
  opt_path: options/swinir/train_swinir_hdr_v2.json
  is_train: True
  merge_bn: False
  merge_bn_startpoint: -1
  find_unused_parameters: True
  use_static_graph: False
  num_gpu: 8
  rank: 0
  world_size: 1

23-03-06 21:36:49.509 :   task: swinir_sr_classical_patch48_x2
  model: plain
  gpu_ids: [0, 1, 2, 3, 4, 5, 6, 7]
  dist: False
  scale: 1
  n_channels: 3
  path:[
    root: superresolution
    pretrained_netG: None
    pretrained_netE: None
    task: superresolution/swinir_sr_classical_patch48_x2
    log: superresolution/swinir_sr_classical_patch48_x2
    options: superresolution/swinir_sr_classical_patch48_x2/options
    models: superresolution/swinir_sr_classical_patch48_x2/models
    images: superresolution/swinir_sr_classical_patch48_x2/images
    pretrained_optimizerG: None
  ]
  datasets:[
    train:[
      name: train_dataset
      dataset_type: sr
      dataroot_H: /lustre06/project/6003167/shared_itmo_demo_dataset/HDR
      dataroot_L: /lustre06/project/6003167/shared_itmo_demo_dataset/SDR
      dataroot_H2: None
      dataroot_L2: None
      H_size: 256
      dataloader_shuffle: True
      dataloader_num_workers: 16
      dataloader_batch_size: 32
      phase: train
      scale: 1
      n_channels: 3
    ]
    test:[
      name: test_dataset
      dataset_type: sr
      dataroot_H: /lustre06/project/6003167/shared_itmo_demo_dataset/HDR
      dataroot_L: /lustre06/project/6003167/shared_itmo_demo_dataset/SDR
      dataroot_H2: None
      dataroot_L2: None
      phase: test
      scale: 1
      n_channels: 3
    ]
  ]
  netG:[
    net_type: swinir
    upscale: 1
    in_chans: 3
    img_size: 48
    window_size: 8
    img_range: 1.0
    depths: [6, 6, 6, 6, 6, 6]
    embed_dim: 180
    num_heads: [6, 6, 6, 6, 6, 6]
    mlp_ratio: 2
    upsampler: null
    resi_connection: 1conv
    init_type: default
    scale: 1
  ]
  train:[
    G_lossfn_type: l1
    G_lossfn_weight: 1.0
    E_decay: 0.999
    G_optimizer_type: adam
    G_optimizer_lr: 0.0002
    G_optimizer_wd: 0
    G_optimizer_clipgrad: None
    G_optimizer_reuse: True
    G_scheduler_type: MultiStepLR
    G_scheduler_milestones: [250000, 400000, 450000, 475000, 500000]
    G_scheduler_gamma: 0.5
    G_regularizer_orthstep: None
    G_regularizer_clipstep: None
    G_param_strict: True
    E_param_strict: True
    checkpoint_test: 5000
    checkpoint_save: 5000
    checkpoint_print: 200
    F_feature_layer: 34
    F_weights: 1.0
    F_lossfn_type: l1
    F_use_input_norm: True
    F_use_range_norm: False
    G_optimizer_betas: [0.9, 0.999]
    G_scheduler_restart_weights: 1
  ]
  opt_path: options/swinir/train_swinir_hdr_v2.json
  is_train: True
  merge_bn: False
  merge_bn_startpoint: -1
  find_unused_parameters: True
  use_static_graph: False
  num_gpu: 8
  rank: 0
  world_size: 1

23-03-06 21:36:49.532 : Number of train images: 140, iters: 5
