
Due to MODULEPATH changes, the following have been reloaded:
  1) libfabric/1.10.1     2) openmpi/4.0.3     3) ucx/1.8.0


Lmod is automatically replacing "intel/2020.1.217" with "gcc/9.3.0".


Due to MODULEPATH changes, the following have been reloaded:
  1) blis/0.8.1     2) cuda/11.4     3) flexiblas/3.0.4     4) openmpi/4.0.3

Fri Apr 21 06:44:19 2023       
+-----------------------------------------------------------------------------+
| NVIDIA-SMI 525.105.17   Driver Version: 525.105.17   CUDA Version: 12.0     |
|-------------------------------+----------------------+----------------------+
| GPU  Name        Persistence-M| Bus-Id        Disp.A | Volatile Uncorr. ECC |
| Fan  Temp  Perf  Pwr:Usage/Cap|         Memory-Usage | GPU-Util  Compute M. |
|                               |                      |               MIG M. |
|===============================+======================+======================|
|   0  NVIDIA A100-SXM...  Off  | 00000000:01:00.0 Off |                    0 |
| N/A   44C    P0    54W / 400W |      0MiB / 40960MiB |      0%      Default |
|                               |                      |             Disabled |
+-------------------------------+----------------------+----------------------+
|   1  NVIDIA A100-SXM...  Off  | 00000000:41:00.0 Off |                    0 |
| N/A   41C    P0    60W / 400W |      0MiB / 40960MiB |      0%      Default |
|                               |                      |             Disabled |
+-------------------------------+----------------------+----------------------+
|   2  NVIDIA A100-SXM...  Off  | 00000000:81:00.0 Off |                    0 |
| N/A   47C    P0    85W / 400W |      0MiB / 40960MiB |      0%      Default |
|                               |                      |             Disabled |
+-------------------------------+----------------------+----------------------+
|   3  NVIDIA A100-SXM...  Off  | 00000000:C1:00.0 Off |                    0 |
| N/A   39C    P0    53W / 400W |      0MiB / 40960MiB |      0%      Default |
|                               |                      |             Disabled |
+-------------------------------+----------------------+----------------------+
                                                                               
+-----------------------------------------------------------------------------+
| Processes:                                                                  |
|  GPU   GI   CI        PID   Type   Process name                  GPU Memory |
|        ID   ID                                                   Usage      |
|=============================================================================|
|  No running processes found                                                 |
+-----------------------------------------------------------------------------+
Testing...
TCuda is: rCuda is: uCuda is: e
Traceback (most recent call last):
  File "/home/slee67/KAIR/main_test_psnr.py", line 184, in <module>
    main()
  File "/home/slee67/KAIR/main_test_psnr.py", line 48, in main
    opt = option.parse(parser.parse_args().opt, is_train=True)
  File "/home/slee67/KAIR/utils/utils_option.py", line 29, in parse
    with open(opt_path, 'r') as f:
FileNotFoundError: [Errno 2] No such file or directory: '/home/slee67/KAIR/options/swinir/train_swinir_hdr_v3.json'
